{"C:\\Program Files\\Git\\GitOpenClassroom\\Debug_SaasRH\\Frontend\\src\\constants\\routes.js": {"path":"C:\\Program Files\\Git\\GitOpenClassroom\\Debug_SaasRH\\Frontend\\src\\constants\\routes.js","statementMap":{"0":{"start":{"line":6,"column":27},"end":{"line":11,"column":1}},"1":{"start":{"line":13,"column":22},"end":{"line":26,"column":1}},"2":{"start":{"line":14,"column":2},"end":{"line":25,"column":3}},"3":{"start":{"line":16,"column":6},"end":{"line":16,"column":46}},"4":{"start":{"line":18,"column":6},"end":{"line":18,"column":46}},"5":{"start":{"line":20,"column":6},"end":{"line":20,"column":24}},"6":{"start":{"line":22,"column":6},"end":{"line":22,"column":50}},"7":{"start":{"line":24,"column":6},"end":{"line":24,"column":46}}},"fnMap":{"0":{"name":"(anonymous_0)","decl":{"start":{"line":13,"column":22},"end":{"line":13,"column":23}},"loc":{"start":{"line":13,"column":62},"end":{"line":26,"column":1}},"line":13}},"branchMap":{"0":{"loc":{"start":{"line":14,"column":2},"end":{"line":25,"column":3}},"type":"switch","locations":[{"start":{"line":15,"column":4},"end":{"line":16,"column":46}},{"start":{"line":17,"column":4},"end":{"line":18,"column":46}},{"start":{"line":19,"column":4},"end":{"line":20,"column":24}},{"start":{"line":21,"column":4},"end":{"line":22,"column":50}},{"start":{"line":23,"column":4},"end":{"line":24,"column":46}}],"line":14}},"s":{"0":6,"1":6,"2":40,"3":12,"4":12,"5":3,"6":12,"7":1},"f":{"0":40},"b":{"0":[12,12,3,12,1]},"_coverageSchema":"1a1c01bbd47fc00a2c39e90264f33305004495a9","hash":"aacdef2c6e9ec6121706e4adb037c6ff75207b09"}
,"C:\\Program Files\\Git\\GitOpenClassroom\\Debug_SaasRH\\Frontend\\src\\constants\\usersTest.js": {"path":"C:\\Program Files\\Git\\GitOpenClassroom\\Debug_SaasRH\\Frontend\\src\\constants\\usersTest.js","statementMap":{},"fnMap":{},"branchMap":{},"s":{},"f":{},"b":{},"_coverageSchema":"1a1c01bbd47fc00a2c39e90264f33305004495a9","hash":"663e13716960e33f5f77328c3d064dec548b702e"}
,"C:\\Program Files\\Git\\GitOpenClassroom\\Debug_SaasRH\\Frontend\\src\\containers\\Bills.js": {"path":"C:\\Program Files\\Git\\GitOpenClassroom\\Debug_SaasRH\\Frontend\\src\\containers\\Bills.js","statementMap":{"0":{"start":{"line":7,"column":4},"end":{"line":7,"column":28}},"1":{"start":{"line":8,"column":4},"end":{"line":8,"column":32}},"2":{"start":{"line":9,"column":4},"end":{"line":9,"column":22}},"3":{"start":{"line":10,"column":26},"end":{"line":10,"column":86}},"4":{"start":{"line":11,"column":4},"end":{"line":11,"column":87}},"5":{"start":{"line":11,"column":23},"end":{"line":11,"column":87}},"6":{"start":{"line":12,"column":20},"end":{"line":12,"column":76}},"7":{"start":{"line":13,"column":4},"end":{"line":15,"column":6}},"8":{"start":{"line":13,"column":17},"end":{"line":15,"column":6}},"9":{"start":{"line":14,"column":6},"end":{"line":14,"column":73}},"10":{"start":{"line":14,"column":43},"end":{"line":14,"column":72}},"11":{"start":{"line":16,"column":4},"end":{"line":16,"column":54}},"12":{"start":{"line":19,"column":23},"end":{"line":21,"column":3}},"13":{"start":{"line":20,"column":4},"end":{"line":20,"column":43}},"14":{"start":{"line":23,"column":23},"end":{"line":28,"column":3}},"15":{"start":{"line":24,"column":20},"end":{"line":24,"column":54}},"16":{"start":{"line":25,"column":21},"end":{"line":25,"column":63}},"17":{"start":{"line":26,"column":4},"end":{"line":26,"column":168}},"18":{"start":{"line":27,"column":4},"end":{"line":27,"column":34}},"19":{"start":{"line":30,"column":13},"end":{"line":66,"column":3}},"20":{"start":{"line":31,"column":4},"end":{"line":65,"column":5}},"21":{"start":{"line":32,"column":6},"end":{"line":62,"column":43}},"22":{"start":{"line":37,"column":22},"end":{"line":57,"column":12}},"23":{"start":{"line":38,"column":25},"end":{"line":38,"column":60}},"24":{"start":{"line":40,"column":12},"end":{"line":56,"column":13}},"25":{"start":{"line":41,"column":14},"end":{"line":45,"column":15}},"26":{"start":{"line":49,"column":14},"end":{"line":49,"column":38}},"27":{"start":{"line":50,"column":14},"end":{"line":55,"column":15}},"28":{"start":{"line":59,"column":10},"end":{"line":59,"column":45}},"29":{"start":{"line":60,"column":8},"end":{"line":60,"column":20}},"30":{"start":{"line":62,"column":22},"end":{"line":62,"column":42}}},"fnMap":{"0":{"name":"(anonymous_0)","decl":{"start":{"line":6,"column":2},"end":{"line":6,"column":3}},"loc":{"start":{"line":6,"column":61},"end":{"line":17,"column":3}},"line":6},"1":{"name":"(anonymous_1)","decl":{"start":{"line":13,"column":33},"end":{"line":13,"column":34}},"loc":{"start":{"line":13,"column":41},"end":{"line":15,"column":5}},"line":13},"2":{"name":"(anonymous_2)","decl":{"start":{"line":14,"column":37},"end":{"line":14,"column":38}},"loc":{"start":{"line":14,"column":43},"end":{"line":14,"column":72}},"line":14},"3":{"name":"(anonymous_3)","decl":{"start":{"line":19,"column":23},"end":{"line":19,"column":24}},"loc":{"start":{"line":19,"column":29},"end":{"line":21,"column":3}},"line":19},"4":{"name":"(anonymous_4)","decl":{"start":{"line":23,"column":23},"end":{"line":23,"column":24}},"loc":{"start":{"line":23,"column":33},"end":{"line":28,"column":3}},"line":23},"5":{"name":"(anonymous_5)","decl":{"start":{"line":30,"column":13},"end":{"line":30,"column":14}},"loc":{"start":{"line":30,"column":19},"end":{"line":66,"column":3}},"line":30},"6":{"name":"(anonymous_6)","decl":{"start":{"line":36,"column":12},"end":{"line":36,"column":13}},"loc":{"start":{"line":36,"column":24},"end":{"line":61,"column":7}},"line":36},"7":{"name":"(anonymous_7)","decl":{"start":{"line":38,"column":15},"end":{"line":38,"column":16}},"loc":{"start":{"line":38,"column":25},"end":{"line":38,"column":60}},"line":38},"8":{"name":"(anonymous_8)","decl":{"start":{"line":39,"column":15},"end":{"line":39,"column":16}},"loc":{"start":{"line":39,"column":22},"end":{"line":57,"column":11}},"line":39},"9":{"name":"(anonymous_9)","decl":{"start":{"line":62,"column":13},"end":{"line":62,"column":14}},"loc":{"start":{"line":62,"column":22},"end":{"line":62,"column":42}},"line":62}},"branchMap":{"0":{"loc":{"start":{"line":11,"column":4},"end":{"line":11,"column":87}},"type":"if","locations":[{"start":{"line":11,"column":4},"end":{"line":11,"column":87}},{"start":{"line":11,"column":4},"end":{"line":11,"column":87}}],"line":11},"1":{"loc":{"start":{"line":13,"column":4},"end":{"line":15,"column":6}},"type":"if","locations":[{"start":{"line":13,"column":4},"end":{"line":15,"column":6}},{"start":{"line":13,"column":4},"end":{"line":15,"column":6}}],"line":13},"2":{"loc":{"start":{"line":31,"column":4},"end":{"line":65,"column":5}},"type":"if","locations":[{"start":{"line":31,"column":4},"end":{"line":65,"column":5}},{"start":{"line":31,"column":4},"end":{"line":65,"column":5}}],"line":31}},"s":{"0":12,"1":12,"2":12,"3":12,"4":12,"5":11,"6":12,"7":12,"8":12,"9":32,"10":1,"11":12,"12":12,"13":2,"14":12,"15":2,"16":2,"17":2,"18":2,"19":12,"20":7,"21":7,"22":5,"23":7,"24":6,"25":6,"26":1,"27":1,"28":5,"29":5,"30":2},"f":{"0":12,"1":32,"2":1,"3":2,"4":2,"5":7,"6":5,"7":7,"8":6,"9":2},"b":{"0":[11,1],"1":[12,0],"2":[7,0]},"_coverageSchema":"1a1c01bbd47fc00a2c39e90264f33305004495a9","hash":"32ba5f27f23a15dc15e09b88d834f7101fa583cc"}
,"C:\\Program Files\\Git\\GitOpenClassroom\\Debug_SaasRH\\Frontend\\src\\containers\\Dashboard.js": {"path":"C:\\Program Files\\Git\\GitOpenClassroom\\Debug_SaasRH\\Frontend\\src\\containers\\Dashboard.js","statementMap":{"0":{"start":{"line":8,"column":29},"end":{"line":28,"column":1}},"1":{"start":{"line":9,"column":2},"end":{"line":27,"column":11}},"2":{"start":{"line":14,"column":6},"end":{"line":24,"column":7}},"3":{"start":{"line":15,"column":8},"end":{"line":15,"column":50}},"4":{"start":{"line":26,"column":6},"end":{"line":26,"column":28}},"5":{"start":{"line":30,"column":20},"end":{"line":53,"column":1}},"6":{"start":{"line":31,"column":28},"end":{"line":31,"column":52}},"7":{"start":{"line":32,"column":20},"end":{"line":33,"column":40}},"8":{"start":{"line":34,"column":19},"end":{"line":35,"column":53}},"9":{"start":{"line":37,"column":2},"end":{"line":52,"column":4}},"10":{"start":{"line":56,"column":21},"end":{"line":58,"column":1}},"11":{"start":{"line":57,"column":2},"end":{"line":57,"column":76}},"12":{"start":{"line":57,"column":51},"end":{"line":57,"column":61}},"13":{"start":{"line":60,"column":25},"end":{"line":69,"column":1}},"14":{"start":{"line":61,"column":2},"end":{"line":68,"column":3}},"15":{"start":{"line":63,"column":6},"end":{"line":63,"column":22}},"16":{"start":{"line":65,"column":6},"end":{"line":65,"column":23}},"17":{"start":{"line":67,"column":6},"end":{"line":67,"column":22}},"18":{"start":{"line":73,"column":4},"end":{"line":73,"column":28}},"19":{"start":{"line":74,"column":4},"end":{"line":74,"column":32}},"20":{"start":{"line":75,"column":4},"end":{"line":75,"column":22}},"21":{"start":{"line":76,"column":4},"end":{"line":76,"column":71}},"22":{"start":{"line":76,"column":35},"end":{"line":76,"column":70}},"23":{"start":{"line":77,"column":4},"end":{"line":77,"column":71}},"24":{"start":{"line":77,"column":35},"end":{"line":77,"column":70}},"25":{"start":{"line":78,"column":4},"end":{"line":78,"column":71}},"26":{"start":{"line":78,"column":35},"end":{"line":78,"column":70}},"27":{"start":{"line":79,"column":4},"end":{"line":79,"column":44}},"28":{"start":{"line":82,"column":23},"end":{"line":87,"column":3}},"29":{"start":{"line":83,"column":20},"end":{"line":83,"column":58}},"30":{"start":{"line":84,"column":21},"end":{"line":84,"column":69}},"31":{"start":{"line":85,"column":4},"end":{"line":85,"column":144}},"32":{"start":{"line":86,"column":4},"end":{"line":86,"column":96}},"33":{"start":{"line":86,"column":60},"end":{"line":86,"column":96}},"34":{"start":{"line":90,"column":4},"end":{"line":90,"column":75}},"35":{"start":{"line":90,"column":59},"end":{"line":90,"column":75}},"36":{"start":{"line":91,"column":4},"end":{"line":91,"column":71}},"37":{"start":{"line":91,"column":54},"end":{"line":91,"column":71}},"38":{"start":{"line":92,"column":4},"end":{"line":108,"column":5}},"39":{"start":{"line":93,"column":6},"end":{"line":95,"column":8}},"40":{"start":{"line":94,"column":8},"end":{"line":94,"column":61}},"41":{"start":{"line":96,"column":6},"end":{"line":96,"column":62}},"42":{"start":{"line":97,"column":6},"end":{"line":97,"column":69}},"43":{"start":{"line":98,"column":6},"end":{"line":98,"column":52}},"44":{"start":{"line":99,"column":6},"end":{"line":99,"column":21}},"45":{"start":{"line":101,"column":6},"end":{"line":101,"column":62}},"46":{"start":{"line":103,"column":6},"end":{"line":105,"column":8}},"47":{"start":{"line":106,"column":6},"end":{"line":106,"column":52}},"48":{"start":{"line":107,"column":6},"end":{"line":107,"column":21}},"49":{"start":{"line":109,"column":4},"end":{"line":109,"column":51}},"50":{"start":{"line":110,"column":4},"end":{"line":110,"column":72}},"51":{"start":{"line":110,"column":39},"end":{"line":110,"column":71}},"52":{"start":{"line":111,"column":4},"end":{"line":111,"column":72}},"53":{"start":{"line":111,"column":39},"end":{"line":111,"column":71}},"54":{"start":{"line":114,"column":23},"end":{"line":122,"column":3}},"55":{"start":{"line":115,"column":20},"end":{"line":119,"column":5}},"56":{"start":{"line":120,"column":4},"end":{"line":120,"column":28}},"57":{"start":{"line":121,"column":4},"end":{"line":121,"column":45}},"58":{"start":{"line":124,"column":23},"end":{"line":132,"column":3}},"59":{"start":{"line":125,"column":20},"end":{"line":129,"column":5}},"60":{"start":{"line":130,"column":4},"end":{"line":130,"column":28}},"61":{"start":{"line":131,"column":4},"end":{"line":131,"column":45}},"62":{"start":{"line":135,"column":4},"end":{"line":135,"column":76}},"63":{"start":{"line":135,"column":60},"end":{"line":135,"column":76}},"64":{"start":{"line":136,"column":4},"end":{"line":136,"column":76}},"65":{"start":{"line":136,"column":58},"end":{"line":136,"column":76}},"66":{"start":{"line":137,"column":4},"end":{"line":147,"column":5}},"67":{"start":{"line":138,"column":6},"end":{"line":138,"column":69}},"68":{"start":{"line":139,"column":6},"end":{"line":140,"column":65}},"69":{"start":{"line":141,"column":6},"end":{"line":141,"column":21}},"70":{"start":{"line":143,"column":6},"end":{"line":143,"column":70}},"71":{"start":{"line":144,"column":6},"end":{"line":145,"column":17}},"72":{"start":{"line":146,"column":6},"end":{"line":146,"column":21}},"73":{"start":{"line":148,"column":4},"end":{"line":151,"column":6}},"74":{"start":{"line":149,"column":6},"end":{"line":149,"column":45}},"75":{"start":{"line":150,"column":6},"end":{"line":150,"column":82}},"76":{"start":{"line":150,"column":44},"end":{"line":150,"column":81}},"77":{"start":{"line":153,"column":4},"end":{"line":153,"column":16}},"78":{"start":{"line":159,"column":21},"end":{"line":178,"column":3}},"79":{"start":{"line":160,"column":4},"end":{"line":177,"column":5}},"80":{"start":{"line":161,"column":6},"end":{"line":176,"column":8}},"81":{"start":{"line":165,"column":22},"end":{"line":171,"column":11}},"82":{"start":{"line":166,"column":21},"end":{"line":171,"column":9}},"83":{"start":{"line":172,"column":8},"end":{"line":172,"column":20}},"84":{"start":{"line":175,"column":8},"end":{"line":175,"column":20}}},"fnMap":{"0":{"name":"(anonymous_0)","decl":{"start":{"line":8,"column":29},"end":{"line":8,"column":30}},"loc":{"start":{"line":8,"column":47},"end":{"line":28,"column":1}},"line":8},"1":{"name":"(anonymous_1)","decl":{"start":{"line":10,"column":16},"end":{"line":10,"column":17}},"loc":{"start":{"line":10,"column":24},"end":{"line":27,"column":5}},"line":10},"2":{"name":"(anonymous_2)","decl":{"start":{"line":30,"column":20},"end":{"line":30,"column":21}},"loc":{"start":{"line":30,"column":30},"end":{"line":53,"column":1}},"line":30},"3":{"name":"(anonymous_3)","decl":{"start":{"line":56,"column":21},"end":{"line":56,"column":22}},"loc":{"start":{"line":56,"column":32},"end":{"line":58,"column":1}},"line":56},"4":{"name":"(anonymous_4)","decl":{"start":{"line":57,"column":43},"end":{"line":57,"column":44}},"loc":{"start":{"line":57,"column":51},"end":{"line":57,"column":61}},"line":57},"5":{"name":"(anonymous_5)","decl":{"start":{"line":60,"column":25},"end":{"line":60,"column":26}},"loc":{"start":{"line":60,"column":36},"end":{"line":69,"column":1}},"line":60},"6":{"name":"(anonymous_6)","decl":{"start":{"line":72,"column":2},"end":{"line":72,"column":3}},"loc":{"start":{"line":72,"column":68},"end":{"line":80,"column":3}},"line":72},"7":{"name":"(anonymous_7)","decl":{"start":{"line":76,"column":28},"end":{"line":76,"column":29}},"loc":{"start":{"line":76,"column":35},"end":{"line":76,"column":70}},"line":76},"8":{"name":"(anonymous_8)","decl":{"start":{"line":77,"column":28},"end":{"line":77,"column":29}},"loc":{"start":{"line":77,"column":35},"end":{"line":77,"column":70}},"line":77},"9":{"name":"(anonymous_9)","decl":{"start":{"line":78,"column":28},"end":{"line":78,"column":29}},"loc":{"start":{"line":78,"column":35},"end":{"line":78,"column":70}},"line":78},"10":{"name":"(anonymous_10)","decl":{"start":{"line":82,"column":23},"end":{"line":82,"column":24}},"loc":{"start":{"line":82,"column":29},"end":{"line":87,"column":3}},"line":82},"11":{"name":"(anonymous_11)","decl":{"start":{"line":89,"column":2},"end":{"line":89,"column":3}},"loc":{"start":{"line":89,"column":35},"end":{"line":112,"column":3}},"line":89},"12":{"name":"(anonymous_12)","decl":{"start":{"line":93,"column":20},"end":{"line":93,"column":21}},"loc":{"start":{"line":93,"column":25},"end":{"line":95,"column":7}},"line":93},"13":{"name":"(anonymous_13)","decl":{"start":{"line":110,"column":32},"end":{"line":110,"column":33}},"loc":{"start":{"line":110,"column":39},"end":{"line":110,"column":71}},"line":110},"14":{"name":"(anonymous_14)","decl":{"start":{"line":111,"column":32},"end":{"line":111,"column":33}},"loc":{"start":{"line":111,"column":39},"end":{"line":111,"column":71}},"line":111},"15":{"name":"(anonymous_15)","decl":{"start":{"line":114,"column":23},"end":{"line":114,"column":24}},"loc":{"start":{"line":114,"column":36},"end":{"line":122,"column":3}},"line":114},"16":{"name":"(anonymous_16)","decl":{"start":{"line":124,"column":23},"end":{"line":124,"column":24}},"loc":{"start":{"line":124,"column":36},"end":{"line":132,"column":3}},"line":124},"17":{"name":"(anonymous_17)","decl":{"start":{"line":134,"column":2},"end":{"line":134,"column":3}},"loc":{"start":{"line":134,"column":37},"end":{"line":155,"column":3}},"line":134},"18":{"name":"(anonymous_18)","decl":{"start":{"line":148,"column":18},"end":{"line":148,"column":19}},"loc":{"start":{"line":148,"column":26},"end":{"line":151,"column":5}},"line":148},"19":{"name":"(anonymous_19)","decl":{"start":{"line":150,"column":38},"end":{"line":150,"column":39}},"loc":{"start":{"line":150,"column":44},"end":{"line":150,"column":81}},"line":150},"20":{"name":"(anonymous_20)","decl":{"start":{"line":159,"column":21},"end":{"line":159,"column":22}},"loc":{"start":{"line":159,"column":27},"end":{"line":178,"column":3}},"line":159},"21":{"name":"(anonymous_21)","decl":{"start":{"line":164,"column":12},"end":{"line":164,"column":13}},"loc":{"start":{"line":164,"column":24},"end":{"line":173,"column":7}},"line":164},"22":{"name":"(anonymous_22)","decl":{"start":{"line":166,"column":13},"end":{"line":166,"column":14}},"loc":{"start":{"line":166,"column":21},"end":{"line":171,"column":9}},"line":166},"23":{"name":"(anonymous_23)","decl":{"start":{"line":174,"column":13},"end":{"line":174,"column":14}},"loc":{"start":{"line":174,"column":22},"end":{"line":176,"column":7}},"line":174}},"branchMap":{"0":{"loc":{"start":{"line":9,"column":9},"end":{"line":27,"column":11}},"type":"cond-expr","locations":[{"start":{"line":10,"column":4},"end":{"line":27,"column":6}},{"start":{"line":27,"column":9},"end":{"line":27,"column":11}}],"line":9},"1":{"loc":{"start":{"line":9,"column":10},"end":{"line":9,"column":29}},"type":"binary-expr","locations":[{"start":{"line":9,"column":10},"end":{"line":9,"column":14}},{"start":{"line":9,"column":18},"end":{"line":9,"column":29}}],"line":9},"2":{"loc":{"start":{"line":14,"column":6},"end":{"line":24,"column":7}},"type":"if","locations":[{"start":{"line":14,"column":6},"end":{"line":24,"column":7}},{"start":{"line":14,"column":6},"end":{"line":24,"column":7}}],"line":14},"3":{"loc":{"start":{"line":32,"column":20},"end":{"line":33,"column":40}},"type":"cond-expr","locations":[{"start":{"line":33,"column":4},"end":{"line":33,"column":35}},{"start":{"line":33,"column":38},"end":{"line":33,"column":40}}],"line":32},"4":{"loc":{"start":{"line":34,"column":19},"end":{"line":35,"column":53}},"type":"cond-expr","locations":[{"start":{"line":35,"column":2},"end":{"line":35,"column":33}},{"start":{"line":35,"column":36},"end":{"line":35,"column":53}}],"line":34},"5":{"loc":{"start":{"line":57,"column":9},"end":{"line":57,"column":76}},"type":"cond-expr","locations":[{"start":{"line":57,"column":33},"end":{"line":57,"column":71}},{"start":{"line":57,"column":74},"end":{"line":57,"column":76}}],"line":57},"6":{"loc":{"start":{"line":57,"column":9},"end":{"line":57,"column":30}},"type":"binary-expr","locations":[{"start":{"line":57,"column":9},"end":{"line":57,"column":14}},{"start":{"line":57,"column":18},"end":{"line":57,"column":30}}],"line":57},"7":{"loc":{"start":{"line":61,"column":2},"end":{"line":68,"column":3}},"type":"switch","locations":[{"start":{"line":62,"column":4},"end":{"line":63,"column":22}},{"start":{"line":64,"column":4},"end":{"line":65,"column":23}},{"start":{"line":66,"column":4},"end":{"line":67,"column":22}}],"line":61},"8":{"loc":{"start":{"line":86,"column":4},"end":{"line":86,"column":96}},"type":"if","locations":[{"start":{"line":86,"column":4},"end":{"line":86,"column":96}},{"start":{"line":86,"column":4},"end":{"line":86,"column":96}}],"line":86},"9":{"loc":{"start":{"line":90,"column":4},"end":{"line":90,"column":75}},"type":"if","locations":[{"start":{"line":90,"column":4},"end":{"line":90,"column":75}},{"start":{"line":90,"column":4},"end":{"line":90,"column":75}}],"line":90},"10":{"loc":{"start":{"line":90,"column":8},"end":{"line":90,"column":57}},"type":"binary-expr","locations":[{"start":{"line":90,"column":8},"end":{"line":90,"column":34}},{"start":{"line":90,"column":38},"end":{"line":90,"column":57}}],"line":90},"11":{"loc":{"start":{"line":91,"column":4},"end":{"line":91,"column":71}},"type":"if","locations":[{"start":{"line":91,"column":4},"end":{"line":91,"column":71}},{"start":{"line":91,"column":4},"end":{"line":91,"column":71}}],"line":91},"12":{"loc":{"start":{"line":91,"column":8},"end":{"line":91,"column":52}},"type":"binary-expr","locations":[{"start":{"line":91,"column":8},"end":{"line":91,"column":29}},{"start":{"line":91,"column":33},"end":{"line":91,"column":52}}],"line":91},"13":{"loc":{"start":{"line":92,"column":4},"end":{"line":108,"column":5}},"type":"if","locations":[{"start":{"line":92,"column":4},"end":{"line":108,"column":5}},{"start":{"line":92,"column":4},"end":{"line":108,"column":5}}],"line":92},"14":{"loc":{"start":{"line":135,"column":4},"end":{"line":135,"column":76}},"type":"if","locations":[{"start":{"line":135,"column":4},"end":{"line":135,"column":76}},{"start":{"line":135,"column":4},"end":{"line":135,"column":76}}],"line":135},"15":{"loc":{"start":{"line":135,"column":8},"end":{"line":135,"column":58}},"type":"binary-expr","locations":[{"start":{"line":135,"column":8},"end":{"line":135,"column":34}},{"start":{"line":135,"column":38},"end":{"line":135,"column":58}}],"line":135},"16":{"loc":{"start":{"line":136,"column":4},"end":{"line":136,"column":76}},"type":"if","locations":[{"start":{"line":136,"column":4},"end":{"line":136,"column":76}},{"start":{"line":136,"column":4},"end":{"line":136,"column":76}}],"line":136},"17":{"loc":{"start":{"line":136,"column":8},"end":{"line":136,"column":56}},"type":"binary-expr","locations":[{"start":{"line":136,"column":8},"end":{"line":136,"column":32}},{"start":{"line":136,"column":36},"end":{"line":136,"column":56}}],"line":136},"18":{"loc":{"start":{"line":137,"column":4},"end":{"line":147,"column":5}},"type":"if","locations":[{"start":{"line":137,"column":4},"end":{"line":147,"column":5}},{"start":{"line":137,"column":4},"end":{"line":147,"column":5}}],"line":137},"19":{"loc":{"start":{"line":160,"column":4},"end":{"line":177,"column":5}},"type":"if","locations":[{"start":{"line":160,"column":4},"end":{"line":177,"column":5}},{"start":{"line":160,"column":4},"end":{"line":177,"column":5}}],"line":160}},"s":{"0":6,"1":44,"2":104,"3":104,"4":104,"5":6,"6":6,"7":6,"8":6,"9":6,"10":6,"11":6,"12":6,"13":6,"14":5,"15":3,"16":1,"17":1,"18":14,"19":14,"20":14,"21":14,"22":0,"23":14,"24":0,"25":14,"26":0,"27":14,"28":14,"29":1,"30":1,"31":1,"32":1,"33":0,"34":3,"35":2,"36":3,"37":2,"38":3,"39":2,"40":8,"41":2,"42":2,"43":2,"44":2,"45":1,"46":1,"47":1,"48":1,"49":3,"50":3,"51":0,"52":3,"53":0,"54":14,"55":1,"56":1,"57":1,"58":14,"59":1,"60":1,"61":1,"62":5,"63":5,"64":5,"65":5,"66":5,"67":5,"68":5,"69":5,"70":0,"71":0,"72":0,"73":5,"74":20,"75":20,"76":3,"77":5,"78":14,"79":5,"80":5,"81":3,"82":12,"83":3,"84":2},"f":{"0":44,"1":104,"2":6,"3":6,"4":6,"5":5,"6":14,"7":0,"8":0,"9":0,"10":1,"11":3,"12":8,"13":0,"14":0,"15":1,"16":1,"17":5,"18":20,"19":3,"20":5,"21":3,"22":12,"23":2},"b":{"0":[26,18],"1":[44,26],"2":[104,0],"3":[0,6],"4":[0,6],"5":[5,1],"6":[6,6],"7":[3,1,1],"8":[0,1],"9":[2,1],"10":[3,3],"11":[2,1],"12":[3,1],"13":[2,1],"14":[5,0],"15":[5,2],"16":[5,0],"17":[5,2],"18":[5,0],"19":[5,0]},"_coverageSchema":"1a1c01bbd47fc00a2c39e90264f33305004495a9","hash":"fef7f81e93f6a4c81fcc6c2d7bf10a6d70c6fd6a"}
,"C:\\Program Files\\Git\\GitOpenClassroom\\Debug_SaasRH\\Frontend\\src\\containers\\Login.js": {"path":"C:\\Program Files\\Git\\GitOpenClassroom\\Debug_SaasRH\\Frontend\\src\\containers\\Login.js","statementMap":{"0":{"start":{"line":3,"column":31},"end":{"line":3,"column":33}},"1":{"start":{"line":8,"column":4},"end":{"line":8,"column":28}},"2":{"start":{"line":9,"column":4},"end":{"line":9,"column":36}},"3":{"start":{"line":10,"column":4},"end":{"line":10,"column":32}},"4":{"start":{"line":11,"column":4},"end":{"line":11,"column":46}},"5":{"start":{"line":12,"column":4},"end":{"line":12,"column":22}},"6":{"start":{"line":13,"column":25},"end":{"line":13,"column":89}},"7":{"start":{"line":14,"column":4},"end":{"line":14,"column":70}},"8":{"start":{"line":15,"column":22},"end":{"line":15,"column":83}},"9":{"start":{"line":16,"column":4},"end":{"line":16,"column":64}},"10":{"start":{"line":18,"column":25},"end":{"line":38,"column":3}},"11":{"start":{"line":19,"column":4},"end":{"line":19,"column":22}},"12":{"start":{"line":20,"column":17},"end":{"line":25,"column":5}},"13":{"start":{"line":26,"column":4},"end":{"line":26,"column":59}},"14":{"start":{"line":27,"column":4},"end":{"line":36,"column":8}},"15":{"start":{"line":32,"column":8},"end":{"line":32,"column":45}},"16":{"start":{"line":33,"column":8},"end":{"line":33,"column":53}},"17":{"start":{"line":34,"column":8},"end":{"line":34,"column":50}},"18":{"start":{"line":35,"column":8},"end":{"line":35,"column":55}},"19":{"start":{"line":40,"column":22},"end":{"line":62,"column":3}},"20":{"start":{"line":41,"column":4},"end":{"line":41,"column":22}},"21":{"start":{"line":42,"column":17},"end":{"line":49,"column":5}},"22":{"start":{"line":51,"column":4},"end":{"line":51,"column":59}},"23":{"start":{"line":52,"column":4},"end":{"line":61,"column":8}},"24":{"start":{"line":57,"column":8},"end":{"line":57,"column":49}},"25":{"start":{"line":58,"column":8},"end":{"line":58,"column":57}},"26":{"start":{"line":59,"column":8},"end":{"line":59,"column":50}},"27":{"start":{"line":60,"column":8},"end":{"line":60,"column":50}},"28":{"start":{"line":65,"column":10},"end":{"line":77,"column":3}},"29":{"start":{"line":66,"column":4},"end":{"line":76,"column":5}},"30":{"start":{"line":67,"column":6},"end":{"line":73,"column":8}},"31":{"start":{"line":72,"column":8},"end":{"line":72,"column":40}},"32":{"start":{"line":75,"column":6},"end":{"line":75,"column":17}},"33":{"start":{"line":80,"column":15},"end":{"line":97,"column":3}},"34":{"start":{"line":81,"column":4},"end":{"line":96,"column":5}},"35":{"start":{"line":82,"column":6},"end":{"line":93,"column":8}},"36":{"start":{"line":91,"column":8},"end":{"line":91,"column":57}},"37":{"start":{"line":92,"column":8},"end":{"line":92,"column":31}},"38":{"start":{"line":95,"column":6},"end":{"line":95,"column":17}}},"fnMap":{"0":{"name":"(anonymous_0)","decl":{"start":{"line":7,"column":2},"end":{"line":7,"column":3}},"loc":{"start":{"line":7,"column":80},"end":{"line":17,"column":3}},"line":7},"1":{"name":"(anonymous_1)","decl":{"start":{"line":18,"column":25},"end":{"line":18,"column":26}},"loc":{"start":{"line":18,"column":30},"end":{"line":38,"column":3}},"line":18},"2":{"name":"(anonymous_2)","decl":{"start":{"line":31,"column":12},"end":{"line":31,"column":13}},"loc":{"start":{"line":31,"column":18},"end":{"line":36,"column":7}},"line":31},"3":{"name":"(anonymous_3)","decl":{"start":{"line":40,"column":22},"end":{"line":40,"column":23}},"loc":{"start":{"line":40,"column":27},"end":{"line":62,"column":3}},"line":40},"4":{"name":"(anonymous_4)","decl":{"start":{"line":56,"column":12},"end":{"line":56,"column":13}},"loc":{"start":{"line":56,"column":18},"end":{"line":61,"column":7}},"line":56},"5":{"name":"(anonymous_5)","decl":{"start":{"line":65,"column":10},"end":{"line":65,"column":11}},"loc":{"start":{"line":65,"column":20},"end":{"line":77,"column":3}},"line":65},"6":{"name":"(anonymous_6)","decl":{"start":{"line":71,"column":15},"end":{"line":71,"column":16}},"loc":{"start":{"line":71,"column":26},"end":{"line":73,"column":7}},"line":71},"7":{"name":"(anonymous_7)","decl":{"start":{"line":80,"column":15},"end":{"line":80,"column":16}},"loc":{"start":{"line":80,"column":25},"end":{"line":97,"column":3}},"line":80},"8":{"name":"(anonymous_8)","decl":{"start":{"line":90,"column":12},"end":{"line":90,"column":13}},"loc":{"start":{"line":90,"column":18},"end":{"line":93,"column":7}},"line":90}},"branchMap":{"0":{"loc":{"start":{"line":66,"column":4},"end":{"line":76,"column":5}},"type":"if","locations":[{"start":{"line":66,"column":4},"end":{"line":76,"column":5}},{"start":{"line":66,"column":4},"end":{"line":76,"column":5}}],"line":66},"1":{"loc":{"start":{"line":81,"column":4},"end":{"line":96,"column":5}},"type":"if","locations":[{"start":{"line":81,"column":4},"end":{"line":96,"column":5}},{"start":{"line":81,"column":4},"end":{"line":96,"column":5}}],"line":81}},"s":{"0":3,"1":4,"2":4,"3":4,"4":4,"5":4,"6":4,"7":4,"8":4,"9":4,"10":4,"11":2,"12":2,"13":2,"14":2,"15":2,"16":2,"17":2,"18":2,"19":4,"20":2,"21":2,"22":2,"23":2,"24":2,"25":2,"26":2,"27":2,"28":4,"29":0,"30":0,"31":0,"32":0,"33":4,"34":0,"35":0,"36":0,"37":0,"38":0},"f":{"0":4,"1":2,"2":2,"3":2,"4":2,"5":0,"6":0,"7":0,"8":0},"b":{"0":[0,0],"1":[0,0]},"_coverageSchema":"1a1c01bbd47fc00a2c39e90264f33305004495a9","hash":"ded0767517f51bb14b998ddc4a84b7c92e256197"}
,"C:\\Program Files\\Git\\GitOpenClassroom\\Debug_SaasRH\\Frontend\\src\\containers\\Logout.js": {"path":"C:\\Program Files\\Git\\GitOpenClassroom\\Debug_SaasRH\\Frontend\\src\\containers\\Logout.js","statementMap":{"0":{"start":{"line":5,"column":4},"end":{"line":5,"column":28}},"1":{"start":{"line":6,"column":4},"end":{"line":6,"column":32}},"2":{"start":{"line":7,"column":4},"end":{"line":7,"column":36}},"3":{"start":{"line":8,"column":4},"end":{"line":8,"column":51}},"4":{"start":{"line":11,"column":16},"end":{"line":14,"column":3}},"5":{"start":{"line":12,"column":4},"end":{"line":12,"column":29}},"6":{"start":{"line":13,"column":4},"end":{"line":13,"column":41}}},"fnMap":{"0":{"name":"(anonymous_0)","decl":{"start":{"line":4,"column":2},"end":{"line":4,"column":3}},"loc":{"start":{"line":4,"column":54},"end":{"line":9,"column":3}},"line":4},"1":{"name":"(anonymous_1)","decl":{"start":{"line":11,"column":16},"end":{"line":11,"column":17}},"loc":{"start":{"line":11,"column":23},"end":{"line":14,"column":3}},"line":11}},"branchMap":{},"s":{"0":32,"1":32,"2":32,"3":32,"4":32,"5":2,"6":2},"f":{"0":32,"1":2},"b":{},"_coverageSchema":"1a1c01bbd47fc00a2c39e90264f33305004495a9","hash":"dd2854ac3c7424d813be7d22612534a493ffab43"}
,"C:\\Program Files\\Git\\GitOpenClassroom\\Debug_SaasRH\\Frontend\\src\\containers\\NewBill.js": {"path":"C:\\Program Files\\Git\\GitOpenClassroom\\Debug_SaasRH\\Frontend\\src\\containers\\NewBill.js","statementMap":{"0":{"start":{"line":6,"column":4},"end":{"line":6,"column":28}},"1":{"start":{"line":7,"column":4},"end":{"line":7,"column":32}},"2":{"start":{"line":8,"column":4},"end":{"line":8,"column":22}},"3":{"start":{"line":9,"column":24},"end":{"line":9,"column":88}},"4":{"start":{"line":10,"column":4},"end":{"line":10,"column":61}},"5":{"start":{"line":11,"column":17},"end":{"line":11,"column":73}},"6":{"start":{"line":12,"column":4},"end":{"line":12,"column":58}},"7":{"start":{"line":13,"column":4},"end":{"line":13,"column":23}},"8":{"start":{"line":14,"column":4},"end":{"line":14,"column":24}},"9":{"start":{"line":15,"column":4},"end":{"line":15,"column":22}},"10":{"start":{"line":16,"column":4},"end":{"line":16,"column":54}},"11":{"start":{"line":18,"column":21},"end":{"line":53,"column":3}},"12":{"start":{"line":19,"column":4},"end":{"line":19,"column":22}},"13":{"start":{"line":20,"column":17},"end":{"line":20,"column":82}},"14":{"start":{"line":21,"column":21},"end":{"line":21,"column":48}},"15":{"start":{"line":23,"column":21},"end":{"line":23,"column":48}},"16":{"start":{"line":25,"column":27},"end":{"line":25,"column":51}},"17":{"start":{"line":27,"column":4},"end":{"line":32,"column":3}},"18":{"start":{"line":29,"column":6},"end":{"line":29,"column":25}},"19":{"start":{"line":30,"column":5},"end":{"line":30,"column":66}},"20":{"start":{"line":31,"column":6},"end":{"line":31,"column":12}},"21":{"start":{"line":34,"column":21},"end":{"line":34,"column":35}},"22":{"start":{"line":35,"column":18},"end":{"line":35,"column":64}},"23":{"start":{"line":36,"column":4},"end":{"line":36,"column":33}},"24":{"start":{"line":37,"column":4},"end":{"line":37,"column":35}},"25":{"start":{"line":39,"column":4},"end":{"line":52,"column":45}},"26":{"start":{"line":48,"column":8},"end":{"line":48,"column":46}},"27":{"start":{"line":49,"column":8},"end":{"line":49,"column":25}},"28":{"start":{"line":50,"column":8},"end":{"line":50,"column":30}},"29":{"start":{"line":51,"column":8},"end":{"line":51,"column":32}},"30":{"start":{"line":52,"column":24},"end":{"line":52,"column":44}},"31":{"start":{"line":54,"column":17},"end":{"line":73,"column":3}},"32":{"start":{"line":55,"column":4},"end":{"line":55,"column":22}},"33":{"start":{"line":56,"column":4},"end":{"line":56,"column":147}},"34":{"start":{"line":57,"column":18},"end":{"line":57,"column":64}},"35":{"start":{"line":58,"column":17},"end":{"line":70,"column":5}},"36":{"start":{"line":71,"column":4},"end":{"line":71,"column":25}},"37":{"start":{"line":72,"column":4},"end":{"line":72,"column":41}},"38":{"start":{"line":76,"column":15},"end":{"line":86,"column":3}},"39":{"start":{"line":77,"column":4},"end":{"line":85,"column":5}},"40":{"start":{"line":78,"column":6},"end":{"line":84,"column":43}},"41":{"start":{"line":82,"column":8},"end":{"line":82,"column":45}},"42":{"start":{"line":84,"column":22},"end":{"line":84,"column":42}}},"fnMap":{"0":{"name":"(anonymous_0)","decl":{"start":{"line":5,"column":2},"end":{"line":5,"column":3}},"loc":{"start":{"line":5,"column":61},"end":{"line":17,"column":3}},"line":5},"1":{"name":"(anonymous_1)","decl":{"start":{"line":18,"column":21},"end":{"line":18,"column":22}},"loc":{"start":{"line":18,"column":26},"end":{"line":53,"column":3}},"line":18},"2":{"name":"(anonymous_2)","decl":{"start":{"line":47,"column":12},"end":{"line":47,"column":13}},"loc":{"start":{"line":47,"column":32},"end":{"line":52,"column":7}},"line":47},"3":{"name":"(anonymous_3)","decl":{"start":{"line":52,"column":15},"end":{"line":52,"column":16}},"loc":{"start":{"line":52,"column":24},"end":{"line":52,"column":44}},"line":52},"4":{"name":"(anonymous_4)","decl":{"start":{"line":54,"column":17},"end":{"line":54,"column":18}},"loc":{"start":{"line":54,"column":22},"end":{"line":73,"column":3}},"line":54},"5":{"name":"(anonymous_5)","decl":{"start":{"line":76,"column":15},"end":{"line":76,"column":16}},"loc":{"start":{"line":76,"column":25},"end":{"line":86,"column":3}},"line":76},"6":{"name":"(anonymous_6)","decl":{"start":{"line":81,"column":12},"end":{"line":81,"column":13}},"loc":{"start":{"line":81,"column":18},"end":{"line":83,"column":7}},"line":81},"7":{"name":"(anonymous_7)","decl":{"start":{"line":84,"column":13},"end":{"line":84,"column":14}},"loc":{"start":{"line":84,"column":22},"end":{"line":84,"column":42}},"line":84}},"branchMap":{"0":{"loc":{"start":{"line":27,"column":4},"end":{"line":32,"column":3}},"type":"if","locations":[{"start":{"line":27,"column":4},"end":{"line":32,"column":3}},{"start":{"line":27,"column":4},"end":{"line":32,"column":3}}],"line":27},"1":{"loc":{"start":{"line":27,"column":8},"end":{"line":27,"column":51}},"type":"binary-expr","locations":[{"start":{"line":27,"column":8},"end":{"line":27,"column":38}},{"start":{"line":27,"column":42},"end":{"line":27,"column":51}}],"line":27},"2":{"loc":{"start":{"line":65,"column":11},"end":{"line":65,"column":83}},"type":"binary-expr","locations":[{"start":{"line":65,"column":11},"end":{"line":65,"column":77}},{"start":{"line":65,"column":81},"end":{"line":65,"column":83}}],"line":65},"3":{"loc":{"start":{"line":77,"column":4},"end":{"line":85,"column":5}},"type":"if","locations":[{"start":{"line":77,"column":4},"end":{"line":85,"column":5}},{"start":{"line":77,"column":4},"end":{"line":85,"column":5}}],"line":77}},"s":{"0":5,"1":5,"2":5,"3":5,"4":5,"5":5,"6":5,"7":5,"8":5,"9":5,"10":5,"11":5,"12":4,"13":4,"14":4,"15":4,"16":4,"17":4,"18":3,"19":3,"20":3,"21":1,"22":1,"23":1,"24":1,"25":1,"26":1,"27":1,"28":1,"29":1,"30":0,"31":5,"32":6,"33":6,"34":6,"35":6,"36":6,"37":6,"38":5,"39":4,"40":4,"41":0,"42":4},"f":{"0":5,"1":4,"2":1,"3":0,"4":6,"5":4,"6":0,"7":4},"b":{"0":[3,1],"1":[4,1],"2":[6,4],"3":[4,0]},"_coverageSchema":"1a1c01bbd47fc00a2c39e90264f33305004495a9","hash":"b09bab8059088ebe3990f4b22279714494585c43"}
,"C:\\Program Files\\Git\\GitOpenClassroom\\Debug_SaasRH\\Frontend\\src\\views\\Actions.js": {"path":"C:\\Program Files\\Git\\GitOpenClassroom\\Debug_SaasRH\\Frontend\\src\\views\\Actions.js","statementMap":{"0":{"start":{"line":5,"column":2},"end":{"line":11,"column":3}}},"fnMap":{"0":{"name":"(anonymous_0)","decl":{"start":{"line":4,"column":15},"end":{"line":4,"column":16}},"loc":{"start":{"line":4,"column":28},"end":{"line":12,"column":1}},"line":4}},"branchMap":{},"s":{"0":22},"f":{"0":22},"b":{},"_coverageSchema":"1a1c01bbd47fc00a2c39e90264f33305004495a9","hash":"6bc17a9a4e2a6bbe526491b8e21c1498a88f4255"}
,"C:\\Program Files\\Git\\GitOpenClassroom\\Debug_SaasRH\\Frontend\\src\\views\\BillsUI.js": {"path":"C:\\Program Files\\Git\\GitOpenClassroom\\Debug_SaasRH\\Frontend\\src\\views\\BillsUI.js","statementMap":{"0":{"start":{"line":7,"column":12},"end":{"line":20,"column":3}},"1":{"start":{"line":8,"column":2},"end":{"line":19,"column":6}},"2":{"start":{"line":22,"column":13},"end":{"line":24,"column":1}},"3":{"start":{"line":23,"column":2},"end":{"line":23,"column":74}},"4":{"start":{"line":23,"column":50},"end":{"line":23,"column":59}},"5":{"start":{"line":28,"column":16},"end":{"line":43,"column":4}},"6":{"start":{"line":28,"column":23},"end":{"line":43,"column":3}},"7":{"start":{"line":45,"column":2},"end":{"line":49,"column":3}},"8":{"start":{"line":46,"column":4},"end":{"line":46,"column":24}},"9":{"start":{"line":47,"column":9},"end":{"line":49,"column":3}},"10":{"start":{"line":48,"column":4},"end":{"line":48,"column":27}},"11":{"start":{"line":51,"column":2},"end":{"line":79,"column":3}}},"fnMap":{"0":{"name":"(anonymous_0)","decl":{"start":{"line":7,"column":12},"end":{"line":7,"column":13}},"loc":{"start":{"line":7,"column":22},"end":{"line":20,"column":3}},"line":7},"1":{"name":"(anonymous_1)","decl":{"start":{"line":22,"column":13},"end":{"line":22,"column":14}},"loc":{"start":{"line":22,"column":23},"end":{"line":24,"column":1}},"line":22},"2":{"name":"(anonymous_2)","decl":{"start":{"line":23,"column":42},"end":{"line":23,"column":43}},"loc":{"start":{"line":23,"column":50},"end":{"line":23,"column":59}},"line":23},"3":{"name":"(anonymous_3)","decl":{"start":{"line":26,"column":15},"end":{"line":26,"column":16}},"loc":{"start":{"line":26,"column":52},"end":{"line":80,"column":1}},"line":26},"4":{"name":"(anonymous_4)","decl":{"start":{"line":28,"column":16},"end":{"line":28,"column":17}},"loc":{"start":{"line":28,"column":23},"end":{"line":43,"column":3}},"line":28}},"branchMap":{"0":{"loc":{"start":{"line":23,"column":9},"end":{"line":23,"column":74}},"type":"cond-expr","locations":[{"start":{"line":23,"column":33},"end":{"line":23,"column":69}},{"start":{"line":23,"column":72},"end":{"line":23,"column":74}}],"line":23},"1":{"loc":{"start":{"line":23,"column":10},"end":{"line":23,"column":29}},"type":"binary-expr","locations":[{"start":{"line":23,"column":10},"end":{"line":23,"column":14}},{"start":{"line":23,"column":18},"end":{"line":23,"column":29}}],"line":23},"2":{"loc":{"start":{"line":45,"column":2},"end":{"line":49,"column":3}},"type":"if","locations":[{"start":{"line":45,"column":2},"end":{"line":49,"column":3}},{"start":{"line":45,"column":2},"end":{"line":49,"column":3}}],"line":45},"3":{"loc":{"start":{"line":47,"column":9},"end":{"line":49,"column":3}},"type":"if","locations":[{"start":{"line":47,"column":9},"end":{"line":49,"column":3}},{"start":{"line":47,"column":9},"end":{"line":49,"column":3}}],"line":47}},"s":{"0":6,"1":20,"2":6,"3":17,"4":20,"5":20,"6":17,"7":20,"8":3,"9":17,"10":0,"11":17},"f":{"0":20,"1":17,"2":20,"3":20,"4":17},"b":{"0":[5,12],"1":[17,9],"2":[3,17],"3":[0,17]},"_coverageSchema":"1a1c01bbd47fc00a2c39e90264f33305004495a9","hash":"a5fbdcc121dc88bdccff133757c9741cb864aca8"}
,"C:\\Program Files\\Git\\GitOpenClassroom\\Debug_SaasRH\\Frontend\\src\\views\\DashboardFormUI.js": {"path":"C:\\Program Files\\Git\\GitOpenClassroom\\Debug_SaasRH\\Frontend\\src\\views\\DashboardFormUI.js","statementMap":{"0":{"start":{"line":7,"column":21},"end":{"line":22,"column":4}},"1":{"start":{"line":7,"column":28},"end":{"line":22,"column":3}},"2":{"start":{"line":26,"column":2},"end":{"line":101,"column":4}}},"fnMap":{"0":{"name":"(anonymous_0)","decl":{"start":{"line":7,"column":21},"end":{"line":7,"column":22}},"loc":{"start":{"line":7,"column":28},"end":{"line":22,"column":3}},"line":7},"1":{"name":"(anonymous_1)","decl":{"start":{"line":24,"column":15},"end":{"line":24,"column":16}},"loc":{"start":{"line":24,"column":25},"end":{"line":102,"column":1}},"line":24}},"branchMap":{"0":{"loc":{"start":{"line":79,"column":9},"end":{"line":89,"column":9}},"type":"cond-expr","locations":[{"start":{"line":79,"column":38},"end":{"line":84,"column":8}},{"start":{"line":84,"column":13},"end":{"line":89,"column":8}}],"line":79},"1":{"loc":{"start":{"line":92,"column":8},"end":{"line":97,"column":13}},"type":"cond-expr","locations":[{"start":{"line":92,"column":37},"end":{"line":97,"column":7}},{"start":{"line":97,"column":11},"end":{"line":97,"column":13}}],"line":92}},"s":{"0":7,"1":9,"2":9},"f":{"0":9,"1":9},"b":{"0":[6,3],"1":[6,3]},"_coverageSchema":"1a1c01bbd47fc00a2c39e90264f33305004495a9","hash":"509c5607db8c6c5d74a603eb1044f99b37416e70"}
,"C:\\Program Files\\Git\\GitOpenClassroom\\Debug_SaasRH\\Frontend\\src\\views\\DashboardUI.js": {"path":"C:\\Program Files\\Git\\GitOpenClassroom\\Debug_SaasRH\\Frontend\\src\\views\\DashboardUI.js","statementMap":{"0":{"start":{"line":10,"column":2},"end":{"line":14,"column":3}},"1":{"start":{"line":11,"column":4},"end":{"line":11,"column":24}},"2":{"start":{"line":12,"column":9},"end":{"line":14,"column":3}},"3":{"start":{"line":13,"column":4},"end":{"line":13,"column":27}},"4":{"start":{"line":16,"column":2},"end":{"line":48,"column":3}}},"fnMap":{"0":{"name":"(anonymous_0)","decl":{"start":{"line":8,"column":15},"end":{"line":8,"column":16}},"loc":{"start":{"line":8,"column":45},"end":{"line":49,"column":1}},"line":8}},"branchMap":{"0":{"loc":{"start":{"line":10,"column":2},"end":{"line":14,"column":3}},"type":"if","locations":[{"start":{"line":10,"column":2},"end":{"line":14,"column":3}},{"start":{"line":10,"column":2},"end":{"line":14,"column":3}}],"line":10},"1":{"loc":{"start":{"line":12,"column":9},"end":{"line":14,"column":3}},"type":"if","locations":[{"start":{"line":12,"column":9},"end":{"line":14,"column":3}},{"start":{"line":12,"column":9},"end":{"line":14,"column":3}}],"line":12},"2":{"loc":{"start":{"line":22,"column":45},"end":{"line":22,"column":63}},"type":"binary-expr","locations":[{"start":{"line":22,"column":45},"end":{"line":22,"column":49}},{"start":{"line":22,"column":53},"end":{"line":22,"column":63}}],"line":22},"3":{"loc":{"start":{"line":29,"column":43},"end":{"line":29,"column":61}},"type":"binary-expr","locations":[{"start":{"line":29,"column":43},"end":{"line":29,"column":47}},{"start":{"line":29,"column":51},"end":{"line":29,"column":61}}],"line":29},"4":{"loc":{"start":{"line":36,"column":43},"end":{"line":36,"column":61}},"type":"binary-expr","locations":[{"start":{"line":36,"column":43},"end":{"line":36,"column":47}},{"start":{"line":36,"column":51},"end":{"line":36,"column":61}}],"line":36}},"s":{"0":21,"1":6,"2":15,"3":3,"4":12},"f":{"0":21},"b":{"0":[6,15],"1":[3,12],"2":[12,7],"3":[12,7],"4":[12,7]},"_coverageSchema":"1a1c01bbd47fc00a2c39e90264f33305004495a9","hash":"7724249214b7cf02383e33498601b363f03060ed"}
,"C:\\Program Files\\Git\\GitOpenClassroom\\Debug_SaasRH\\Frontend\\src\\views\\ErrorPage.js": {"path":"C:\\Program Files\\Git\\GitOpenClassroom\\Debug_SaasRH\\Frontend\\src\\views\\ErrorPage.js","statementMap":{"0":{"start":{"line":4,"column":2},"end":{"line":15,"column":3}}},"fnMap":{"0":{"name":"(anonymous_0)","decl":{"start":{"line":3,"column":15},"end":{"line":3,"column":16}},"loc":{"start":{"line":3,"column":26},"end":{"line":16,"column":1}},"line":3}},"branchMap":{"0":{"loc":{"start":{"line":12,"column":12},"end":{"line":12,"column":30}},"type":"cond-expr","locations":[{"start":{"line":12,"column":20},"end":{"line":12,"column":25}},{"start":{"line":12,"column":28},"end":{"line":12,"column":30}}],"line":12}},"s":{"0":5},"f":{"0":5},"b":{"0":[4,1]},"_coverageSchema":"1a1c01bbd47fc00a2c39e90264f33305004495a9","hash":"acd64ad8021268d97eb3330004eb451e68768d9b"}
,"C:\\Program Files\\Git\\GitOpenClassroom\\Debug_SaasRH\\Frontend\\src\\views\\LoadingPage.js": {"path":"C:\\Program Files\\Git\\GitOpenClassroom\\Debug_SaasRH\\Frontend\\src\\views\\LoadingPage.js","statementMap":{"0":{"start":{"line":5,"column":2},"end":{"line":12,"column":3}}},"fnMap":{"0":{"name":"(anonymous_0)","decl":{"start":{"line":3,"column":15},"end":{"line":3,"column":16}},"loc":{"start":{"line":3,"column":21},"end":{"line":13,"column":1}},"line":3}},"branchMap":{},"s":{"0":10},"f":{"0":10},"b":{},"_coverageSchema":"1a1c01bbd47fc00a2c39e90264f33305004495a9","hash":"61e9a81e61960dc669721490a1ea26571f59c239"}
,"C:\\Program Files\\Git\\GitOpenClassroom\\Debug_SaasRH\\Frontend\\src\\views\\LoginUI.js": {"path":"C:\\Program Files\\Git\\GitOpenClassroom\\Debug_SaasRH\\Frontend\\src\\views\\LoginUI.js","statementMap":{"0":{"start":{"line":4,"column":2},"end":{"line":46,"column":4}}},"fnMap":{"0":{"name":"(anonymous_0)","decl":{"start":{"line":2,"column":15},"end":{"line":2,"column":16}},"loc":{"start":{"line":2,"column":21},"end":{"line":47,"column":1}},"line":2}},"branchMap":{},"s":{"0":19},"f":{"0":19},"b":{},"_coverageSchema":"1a1c01bbd47fc00a2c39e90264f33305004495a9","hash":"8a74a690547dacf59064ae1f6a1132e9d40156cd"}
,"C:\\Program Files\\Git\\GitOpenClassroom\\Debug_SaasRH\\Frontend\\src\\views\\NewBillUI.js": {"path":"C:\\Program Files\\Git\\GitOpenClassroom\\Debug_SaasRH\\Frontend\\src\\views\\NewBillUI.js","statementMap":{"0":{"start":{"line":5,"column":2},"end":{"line":73,"column":4}}},"fnMap":{"0":{"name":"(anonymous_0)","decl":{"start":{"line":3,"column":15},"end":{"line":3,"column":16}},"loc":{"start":{"line":3,"column":21},"end":{"line":74,"column":1}},"line":3}},"branchMap":{},"s":{"0":8},"f":{"0":8},"b":{},"_coverageSchema":"1a1c01bbd47fc00a2c39e90264f33305004495a9","hash":"4f3663c6b64667e8535b271095365b627ee85f2c"}
,"C:\\Program Files\\Git\\GitOpenClassroom\\Debug_SaasRH\\Frontend\\src\\views\\VerticalLayout.js": {"path":"C:\\Program Files\\Git\\GitOpenClassroom\\Debug_SaasRH\\Frontend\\src\\views\\VerticalLayout.js","statementMap":{"0":{"start":{"line":7,"column":4},"end":{"line":7,"column":51}},"1":{"start":{"line":8,"column":4},"end":{"line":10,"column":5}},"2":{"start":{"line":9,"column":6},"end":{"line":9,"column":29}},"3":{"start":{"line":11,"column":4},"end":{"line":39,"column":5}},"4":{"start":{"line":12,"column":6},"end":{"line":27,"column":7}},"5":{"start":{"line":29,"column":6},"end":{"line":38,"column":7}}},"fnMap":{"0":{"name":"(anonymous_0)","decl":{"start":{"line":5,"column":15},"end":{"line":5,"column":16}},"loc":{"start":{"line":5,"column":27},"end":{"line":40,"column":1}},"line":5}},"branchMap":{"0":{"loc":{"start":{"line":8,"column":4},"end":{"line":10,"column":5}},"type":"if","locations":[{"start":{"line":8,"column":4},"end":{"line":10,"column":5}},{"start":{"line":8,"column":4},"end":{"line":10,"column":5}}],"line":8},"1":{"loc":{"start":{"line":11,"column":4},"end":{"line":39,"column":5}},"type":"if","locations":[{"start":{"line":11,"column":4},"end":{"line":39,"column":5}},{"start":{"line":11,"column":4},"end":{"line":39,"column":5}}],"line":11},"2":{"loc":{"start":{"line":11,"column":8},"end":{"line":11,"column":40}},"type":"binary-expr","locations":[{"start":{"line":11,"column":8},"end":{"line":11,"column":12}},{"start":{"line":11,"column":16},"end":{"line":11,"column":40}}],"line":11}},"s":{"0":53,"1":53,"2":40,"3":53,"4":24,"5":29},"f":{"0":53},"b":{"0":[40,13],"1":[24,29],"2":[53,40]},"_coverageSchema":"1a1c01bbd47fc00a2c39e90264f33305004495a9","hash":"27159202ab8b9fa0c85688825001b985e6922014"}
}
