TN:
SF:src\constants\routes.js
FN:13,(anonymous_0)
FNF:1
FNH:1
FNDA:40,(anonymous_0)
DA:6,6
DA:13,6
DA:14,40
DA:16,12
DA:18,12
DA:20,3
DA:22,12
DA:24,1
LF:8
LH:8
BRDA:14,0,0,12
BRDA:14,0,1,12
BRDA:14,0,2,3
BRDA:14,0,3,12
BRDA:14,0,4,1
BRF:5
BRH:5
end_of_record
TN:
SF:src\constants\usersTest.js
FNF:0
FNH:0
LF:0
LH:0
BRF:0
BRH:0
end_of_record
TN:
SF:src\containers\Bills.js
FN:6,(anonymous_0)
FN:13,(anonymous_1)
FN:14,(anonymous_2)
FN:19,(anonymous_3)
FN:23,(anonymous_4)
FN:30,(anonymous_5)
FN:36,(anonymous_6)
FN:38,(anonymous_7)
FN:39,(anonymous_8)
FN:62,(anonymous_9)
FNF:10
FNH:10
FNDA:12,(anonymous_0)
FNDA:32,(anonymous_1)
FNDA:1,(anonymous_2)
FNDA:2,(anonymous_3)
FNDA:2,(anonymous_4)
FNDA:7,(anonymous_5)
FNDA:5,(anonymous_6)
FNDA:7,(anonymous_7)
FNDA:6,(anonymous_8)
FNDA:2,(anonymous_9)
DA:7,12
DA:8,12
DA:9,12
DA:10,12
DA:11,12
DA:12,12
DA:13,12
DA:14,32
DA:16,12
DA:19,12
DA:20,2
DA:23,12
DA:24,2
DA:25,2
DA:26,2
DA:27,2
DA:30,12
DA:31,7
DA:32,7
DA:37,5
DA:38,7
DA:40,6
DA:41,6
DA:49,1
DA:50,1
DA:59,5
DA:60,5
DA:62,2
LF:28
LH:28
BRDA:11,0,0,11
BRDA:11,0,1,1
BRDA:13,1,0,12
BRDA:13,1,1,0
BRDA:31,2,0,7
BRDA:31,2,1,0
BRF:6
BRH:4
end_of_record
TN:
SF:src\containers\Dashboard.js
FN:8,(anonymous_0)
FN:10,(anonymous_1)
FN:30,(anonymous_2)
FN:56,(anonymous_3)
FN:57,(anonymous_4)
FN:60,(anonymous_5)
FN:72,(anonymous_6)
FN:76,(anonymous_7)
FN:77,(anonymous_8)
FN:78,(anonymous_9)
FN:82,(anonymous_10)
FN:89,(anonymous_11)
FN:93,(anonymous_12)
FN:110,(anonymous_13)
FN:111,(anonymous_14)
FN:114,(anonymous_15)
FN:124,(anonymous_16)
FN:134,(anonymous_17)
FN:148,(anonymous_18)
FN:150,(anonymous_19)
FN:159,(anonymous_20)
FN:164,(anonymous_21)
FN:166,(anonymous_22)
FN:174,(anonymous_23)
FNF:24
FNH:19
FNDA:44,(anonymous_0)
FNDA:104,(anonymous_1)
FNDA:6,(anonymous_2)
FNDA:6,(anonymous_3)
FNDA:6,(anonymous_4)
FNDA:5,(anonymous_5)
FNDA:14,(anonymous_6)
FNDA:0,(anonymous_7)
FNDA:0,(anonymous_8)
FNDA:0,(anonymous_9)
FNDA:1,(anonymous_10)
FNDA:3,(anonymous_11)
FNDA:8,(anonymous_12)
FNDA:0,(anonymous_13)
FNDA:0,(anonymous_14)
FNDA:1,(anonymous_15)
FNDA:1,(anonymous_16)
FNDA:5,(anonymous_17)
FNDA:20,(anonymous_18)
FNDA:3,(anonymous_19)
FNDA:5,(anonymous_20)
FNDA:3,(anonymous_21)
FNDA:12,(anonymous_22)
FNDA:2,(anonymous_23)
DA:8,6
DA:9,44
DA:14,104
DA:15,104
DA:26,104
DA:30,6
DA:31,6
DA:32,6
DA:34,6
DA:37,6
DA:56,6
DA:57,6
DA:60,6
DA:61,5
DA:63,3
DA:65,1
DA:67,1
DA:73,14
DA:74,14
DA:75,14
DA:76,14
DA:77,14
DA:78,14
DA:79,14
DA:82,14
DA:83,1
DA:84,1
DA:85,1
DA:86,1
DA:90,3
DA:91,3
DA:92,3
DA:93,2
DA:94,8
DA:96,2
DA:97,2
DA:98,2
DA:99,2
DA:101,1
DA:103,1
DA:106,1
DA:107,1
DA:109,3
DA:110,3
DA:111,3
DA:114,14
DA:115,1
DA:120,1
DA:121,1
DA:124,14
DA:125,1
DA:130,1
DA:131,1
DA:135,5
DA:136,5
DA:137,5
DA:138,5
DA:139,5
DA:141,5
DA:143,0
DA:144,0
DA:146,0
DA:148,5
DA:149,20
DA:150,20
DA:153,5
DA:159,14
DA:160,5
DA:161,5
DA:165,3
DA:166,12
DA:172,3
DA:175,2
LF:73
LH:70
BRDA:9,0,0,26
BRDA:9,0,1,18
BRDA:9,1,0,44
BRDA:9,1,1,26
BRDA:14,2,0,104
BRDA:14,2,1,0
BRDA:32,3,0,0
BRDA:32,3,1,6
BRDA:34,4,0,0
BRDA:34,4,1,6
BRDA:57,5,0,5
BRDA:57,5,1,1
BRDA:57,6,0,6
BRDA:57,6,1,6
BRDA:61,7,0,3
BRDA:61,7,1,1
BRDA:61,7,2,1
BRDA:86,8,0,0
BRDA:86,8,1,1
BRDA:90,9,0,2
BRDA:90,9,1,1
BRDA:90,10,0,3
BRDA:90,10,1,3
BRDA:91,11,0,2
BRDA:91,11,1,1
BRDA:91,12,0,3
BRDA:91,12,1,1
BRDA:92,13,0,2
BRDA:92,13,1,1
BRDA:135,14,0,5
BRDA:135,14,1,0
BRDA:135,15,0,5
BRDA:135,15,1,2
BRDA:136,16,0,5
BRDA:136,16,1,0
BRDA:136,17,0,5
BRDA:136,17,1,2
BRDA:137,18,0,5
BRDA:137,18,1,0
BRDA:160,19,0,5
BRDA:160,19,1,0
BRF:41
BRH:33
end_of_record
TN:
SF:src\containers\Login.js
FN:7,(anonymous_0)
FN:18,(anonymous_1)
FN:31,(anonymous_2)
FN:40,(anonymous_3)
FN:56,(anonymous_4)
FN:65,(anonymous_5)
FN:71,(anonymous_6)
FN:80,(anonymous_7)
FN:90,(anonymous_8)
FNF:9
FNH:5
FNDA:4,(anonymous_0)
FNDA:2,(anonymous_1)
FNDA:2,(anonymous_2)
FNDA:2,(anonymous_3)
FNDA:2,(anonymous_4)
FNDA:0,(anonymous_5)
FNDA:0,(anonymous_6)
FNDA:0,(anonymous_7)
FNDA:0,(anonymous_8)
DA:3,3
DA:8,4
DA:9,4
DA:10,4
DA:11,4
DA:12,4
DA:13,4
DA:14,4
DA:15,4
DA:16,4
DA:18,4
DA:19,2
DA:20,2
DA:26,2
DA:27,2
DA:32,2
DA:33,2
DA:34,2
DA:35,2
DA:40,4
DA:41,2
DA:42,2
DA:51,2
DA:52,2
DA:57,2
DA:58,2
DA:59,2
DA:60,2
DA:65,4
DA:66,0
DA:67,0
DA:72,0
DA:75,0
DA:80,4
DA:81,0
DA:82,0
DA:91,0
DA:92,0
DA:95,0
LF:39
LH:30
BRDA:66,0,0,0
BRDA:66,0,1,0
BRDA:81,1,0,0
BRDA:81,1,1,0
BRF:4
BRH:0
end_of_record
TN:
SF:src\containers\Logout.js
FN:4,(anonymous_0)
FN:11,(anonymous_1)
FNF:2
FNH:2
FNDA:32,(anonymous_0)
FNDA:2,(anonymous_1)
DA:5,32
DA:6,32
DA:7,32
DA:8,32
DA:11,32
DA:12,2
DA:13,2
LF:7
LH:7
BRF:0
BRH:0
end_of_record
TN:
SF:src\containers\NewBill.js
FN:5,(anonymous_0)
FN:18,(anonymous_1)
FN:47,(anonymous_2)
FN:52,(anonymous_3)
FN:54,(anonymous_4)
FN:76,(anonymous_5)
FN:81,(anonymous_6)
FN:84,(anonymous_7)
FNF:8
FNH:6
FNDA:5,(anonymous_0)
FNDA:4,(anonymous_1)
FNDA:1,(anonymous_2)
FNDA:0,(anonymous_3)
FNDA:6,(anonymous_4)
FNDA:4,(anonymous_5)
FNDA:0,(anonymous_6)
FNDA:4,(anonymous_7)
DA:6,5
DA:7,5
DA:8,5
DA:9,5
DA:10,5
DA:11,5
DA:12,5
DA:13,5
DA:14,5
DA:15,5
DA:16,5
DA:18,5
DA:19,4
DA:20,4
DA:21,4
DA:23,4
DA:25,4
DA:27,4
DA:29,3
DA:30,3
DA:31,3
DA:34,1
DA:35,1
DA:36,1
DA:37,1
DA:39,1
DA:48,1
DA:49,1
DA:50,1
DA:51,1
DA:52,0
DA:54,5
DA:55,6
DA:56,6
DA:57,6
DA:58,6
DA:71,6
DA:72,6
DA:76,5
DA:77,4
DA:78,4
DA:82,0
DA:84,4
LF:43
LH:41
BRDA:27,0,0,3
BRDA:27,0,1,1
BRDA:27,1,0,4
BRDA:27,1,1,1
BRDA:65,2,0,6
BRDA:65,2,1,4
BRDA:77,3,0,4
BRDA:77,3,1,0
BRF:8
BRH:7
end_of_record
TN:
SF:src\views\Actions.js
FN:4,(anonymous_0)
FNF:1
FNH:1
FNDA:22,(anonymous_0)
DA:5,22
LF:1
LH:1
BRF:0
BRH:0
end_of_record
TN:
SF:src\views\BillsUI.js
FN:7,(anonymous_0)
FN:22,(anonymous_1)
FN:23,(anonymous_2)
FN:26,(anonymous_3)
FN:28,(anonymous_4)
FNF:5
FNH:5
FNDA:20,(anonymous_0)
FNDA:17,(anonymous_1)
FNDA:20,(anonymous_2)
FNDA:20,(anonymous_3)
FNDA:17,(anonymous_4)
DA:7,6
DA:8,20
DA:22,6
DA:23,20
DA:28,20
DA:45,20
DA:46,3
DA:47,17
DA:48,0
DA:51,17
LF:10
LH:9
BRDA:23,0,0,5
BRDA:23,0,1,12
BRDA:23,1,0,17
BRDA:23,1,1,9
BRDA:45,2,0,3
BRDA:45,2,1,17
BRDA:47,3,0,0
BRDA:47,3,1,17
BRF:8
BRH:7
end_of_record
TN:
SF:src\views\DashboardFormUI.js
FN:7,(anonymous_0)
FN:24,(anonymous_1)
FNF:2
FNH:2
FNDA:9,(anonymous_0)
FNDA:9,(anonymous_1)
DA:7,9
DA:26,9
LF:2
LH:2
BRDA:79,0,0,6
BRDA:79,0,1,3
BRDA:92,1,0,6
BRDA:92,1,1,3
BRF:4
BRH:4
end_of_record
TN:
SF:src\views\DashboardUI.js
FN:8,(anonymous_0)
FNF:1
FNH:1
FNDA:21,(anonymous_0)
DA:10,21
DA:11,6
DA:12,15
DA:13,3
DA:16,12
LF:5
LH:5
BRDA:10,0,0,6
BRDA:10,0,1,15
BRDA:12,1,0,3
BRDA:12,1,1,12
BRDA:22,2,0,12
BRDA:22,2,1,7
BRDA:29,3,0,12
BRDA:29,3,1,7
BRDA:36,4,0,12
BRDA:36,4,1,7
BRF:10
BRH:10
end_of_record
TN:
SF:src\views\ErrorPage.js
FN:3,(anonymous_0)
FNF:1
FNH:1
FNDA:5,(anonymous_0)
DA:4,5
LF:1
LH:1
BRDA:12,0,0,4
BRDA:12,0,1,1
BRF:2
BRH:2
end_of_record
TN:
SF:src\views\LoadingPage.js
FN:3,(anonymous_0)
FNF:1
FNH:1
FNDA:10,(anonymous_0)
DA:5,10
LF:1
LH:1
BRF:0
BRH:0
end_of_record
TN:
SF:src\views\LoginUI.js
FN:2,(anonymous_0)
FNF:1
FNH:1
FNDA:19,(anonymous_0)
DA:4,19
LF:1
LH:1
BRF:0
BRH:0
end_of_record
TN:
SF:src\views\NewBillUI.js
FN:3,(anonymous_0)
FNF:1
FNH:1
FNDA:8,(anonymous_0)
DA:5,8
LF:1
LH:1
BRF:0
BRH:0
end_of_record
TN:
SF:src\views\VerticalLayout.js
FN:5,(anonymous_0)
FNF:1
FNH:1
FNDA:53,(anonymous_0)
DA:7,53
DA:8,53
DA:9,40
DA:11,53
DA:12,24
DA:29,29
LF:6
LH:6
BRDA:8,0,0,40
BRDA:8,0,1,13
BRDA:11,1,0,24
BRDA:11,1,1,29
BRDA:11,2,0,53
BRDA:11,2,1,40
BRF:6
BRH:6
end_of_record
